Determining if the pthread_create exist failed with the following output:
Change Dir: /home/ty/catkin_ws/build/CMakeFiles/CMakeTmp

Run Build Command:"/usr/bin/make" "cmTC_db423/fast"
/usr/bin/make -f CMakeFiles/cmTC_db423.dir/build.make CMakeFiles/cmTC_db423.dir/build
make[1]: Entering directory '/home/ty/catkin_ws/build/CMakeFiles/CMakeTmp'
Building C object CMakeFiles/cmTC_db423.dir/CheckSymbolExists.c.o
/usr/bin/cc     -o CMakeFiles/cmTC_db423.dir/CheckSymbolExists.c.o   -c /home/ty/catkin_ws/build/CMakeFiles/CMakeTmp/CheckSymbolExists.c
Linking C executable cmTC_db423
/usr/bin/cmake -E cmake_link_script CMakeFiles/cmTC_db423.dir/link.txt --verbose=1
/usr/bin/cc       CMakeFiles/cmTC_db423.dir/CheckSymbolExists.c.o  -o cmTC_db423 -rdynamic 
CMakeFiles/cmTC_db423.dir/CheckSymbolExists.c.o: In function `main':
CheckSymbolExists.c:(.text+0x16): undefined reference to `pthread_create'
collect2: error: ld returned 1 exit status
CMakeFiles/cmTC_db423.dir/build.make:97: recipe for target 'cmTC_db423' failed
make[1]: *** [cmTC_db423] Error 1
make[1]: Leaving directory '/home/ty/catkin_ws/build/CMakeFiles/CMakeTmp'
Makefile:126: recipe for target 'cmTC_db423/fast' failed
make: *** [cmTC_db423/fast] Error 2

File /home/ty/catkin_ws/build/CMakeFiles/CMakeTmp/CheckSymbolExists.c:
/* */
#include <pthread.h>

int main(int argc, char** argv)
{
  (void)argv;
#ifndef pthread_create
  return ((int*)(&pthread_create))[argc];
#else
  (void)argc;
  return 0;
#endif
}

Determining if the function pthread_create exists in the pthreads failed with the following output:
Change Dir: /home/ty/catkin_ws/build/CMakeFiles/CMakeTmp

Run Build Command:"/usr/bin/make" "cmTC_a686f/fast"
/usr/bin/make -f CMakeFiles/cmTC_a686f.dir/build.make CMakeFiles/cmTC_a686f.dir/build
make[1]: Entering directory '/home/ty/catkin_ws/build/CMakeFiles/CMakeTmp'
Building C object CMakeFiles/cmTC_a686f.dir/CheckFunctionExists.c.o
/usr/bin/cc    -DCHECK_FUNCTION_EXISTS=pthread_create   -o CMakeFiles/cmTC_a686f.dir/CheckFunctionExists.c.o   -c /usr/share/cmake-3.5/Modules/CheckFunctionExists.c
Linking C executable cmTC_a686f
/usr/bin/cmake -E cmake_link_script CMakeFiles/cmTC_a686f.dir/link.txt --verbose=1
/usr/bin/cc   -DCHECK_FUNCTION_EXISTS=pthread_create    CMakeFiles/cmTC_a686f.dir/CheckFunctionExists.c.o  -o cmTC_a686f -rdynamic -lpthreads 
/usr/bin/ld: cannot find -lpthreads
collect2: error: ld returned 1 exit status
CMakeFiles/cmTC_a686f.dir/build.make:97: recipe for target 'cmTC_a686f' failed
make[1]: *** [cmTC_a686f] Error 1
make[1]: Leaving directory '/home/ty/catkin_ws/build/CMakeFiles/CMakeTmp'
Makefile:126: recipe for target 'cmTC_a686f/fast' failed
make: *** [cmTC_a686f/fast] Error 2


